2016-12-07 23:16:07.350 [main] TRACE br.com.dcmspe.kart_rank.entities.RaceResults - Posição: 1 Código do Piloto: 038 Nome do Piloto: F.MASSA Quantidade de Voltas: 4 Tempo Total de Prova: 251578 
2016-12-07 23:16:07.352 [main] TRACE br.com.dcmspe.kart_rank.entities.RaceResults - Posição: 2 Código do Piloto: 002 Nome do Piloto: K.RAIKKONEN Quantidade de Voltas: 4 Tempo Total de Prova: 255153 
2016-12-07 23:16:07.352 [main] TRACE br.com.dcmspe.kart_rank.entities.RaceResults - Posição: 3 Código do Piloto: 033 Nome do Piloto: R.BARRICHELLO Quantidade de Voltas: 4 Tempo Total de Prova: 256080 
2016-12-07 23:16:07.352 [main] TRACE br.com.dcmspe.kart_rank.entities.RaceResults - Posição: 4 Código do Piloto: 023 Nome do Piloto: M.WEBBER Quantidade de Voltas: 4 Tempo Total de Prova: 257722 
2016-12-07 23:16:07.352 [main] TRACE br.com.dcmspe.kart_rank.entities.RaceResults - Posição: 5 Código do Piloto: 015 Nome do Piloto: F.ALONSO Quantidade de Voltas: 4 Tempo Total de Prova: 294221 
2016-12-07 23:16:07.353 [main] TRACE br.com.dcmspe.kart_rank.entities.RaceResults - Posição: * Código do Piloto: 011 Nome do Piloto: S.VETTEL Quantidade de Voltas: 3 Tempo Total de Prova: 387276 
2016-12-07 23:20:44.335 [main] TRACE br.com.dcmspe.kart_rank.helpers.RaceResultsLog - Posição: 1 Código do Piloto: 038 Nome do Piloto: F.MASSA Quantidade de Voltas: 4 Tempo Total de Prova: 251578 
2016-12-07 23:20:44.337 [main] TRACE br.com.dcmspe.kart_rank.helpers.RaceResultsLog - Posição: 2 Código do Piloto: 002 Nome do Piloto: K.RAIKKONEN Quantidade de Voltas: 4 Tempo Total de Prova: 255153 
2016-12-07 23:20:44.337 [main] TRACE br.com.dcmspe.kart_rank.helpers.RaceResultsLog - Posição: 3 Código do Piloto: 033 Nome do Piloto: R.BARRICHELLO Quantidade de Voltas: 4 Tempo Total de Prova: 256080 
2016-12-07 23:20:44.337 [main] TRACE br.com.dcmspe.kart_rank.helpers.RaceResultsLog - Posição: 4 Código do Piloto: 023 Nome do Piloto: M.WEBBER Quantidade de Voltas: 4 Tempo Total de Prova: 257722 
2016-12-07 23:20:44.337 [main] TRACE br.com.dcmspe.kart_rank.helpers.RaceResultsLog - Posição: 5 Código do Piloto: 015 Nome do Piloto: F.ALONSO Quantidade de Voltas: 4 Tempo Total de Prova: 294221 
2016-12-07 23:20:44.338 [main] TRACE br.com.dcmspe.kart_rank.helpers.RaceResultsLog - Posição: * Código do Piloto: 011 Nome do Piloto: S.VETTEL Quantidade de Voltas: 3 Tempo Total de Prova: 387276 
2016-12-07 23:43:53.088 [main] TRACE br.com.dcmspe.kart_rank.helpers.RaceResultsLog - Posição: 1 Código do Piloto: 038 Nome do Piloto: F.MASSA Quantidade de Voltas: 4 Tempo Total de Prova: 4:11.578 
2016-12-07 23:43:53.089 [main] TRACE br.com.dcmspe.kart_rank.helpers.RaceResultsLog - Posição: 2 Código do Piloto: 002 Nome do Piloto: K.RAIKKONEN Quantidade de Voltas: 4 Tempo Total de Prova: 4:15.153 
2016-12-07 23:43:53.090 [main] TRACE br.com.dcmspe.kart_rank.helpers.RaceResultsLog - Posição: 3 Código do Piloto: 033 Nome do Piloto: R.BARRICHELLO Quantidade de Voltas: 4 Tempo Total de Prova: 4:16.080 
2016-12-07 23:43:53.090 [main] TRACE br.com.dcmspe.kart_rank.helpers.RaceResultsLog - Posição: 4 Código do Piloto: 023 Nome do Piloto: M.WEBBER Quantidade de Voltas: 4 Tempo Total de Prova: 4:17.722 
2016-12-07 23:43:53.090 [main] TRACE br.com.dcmspe.kart_rank.helpers.RaceResultsLog - Posição: 5 Código do Piloto: 015 Nome do Piloto: F.ALONSO Quantidade de Voltas: 4 Tempo Total de Prova: 4:54.221 
2016-12-07 23:43:53.091 [main] TRACE br.com.dcmspe.kart_rank.helpers.RaceResultsLog - Posição: * Código do Piloto: 011 Nome do Piloto: S.VETTEL Quantidade de Voltas: 3 Tempo Total de Prova: 387276 
2016-12-11 19:46:52.351 [main] TRACE br.com.dcmspe.kart_rank.helpers.RaceResultsLog - Posição: 1 Código do Piloto: 038 Nome do Piloto: F.MASSA Quantidade de Voltas: 4 Tempo Total de Prova: 4:11.578 
2016-12-11 19:46:52.353 [main] TRACE br.com.dcmspe.kart_rank.helpers.RaceResultsLog - Posição: 2 Código do Piloto: 002 Nome do Piloto: K.RAIKKONEN Quantidade de Voltas: 4 Tempo Total de Prova: 4:15.153 
2016-12-11 19:46:52.354 [main] TRACE br.com.dcmspe.kart_rank.helpers.RaceResultsLog - Posição: 3 Código do Piloto: 033 Nome do Piloto: R.BARRICHELLO Quantidade de Voltas: 4 Tempo Total de Prova: 4:16.080 
2016-12-11 19:46:52.354 [main] TRACE br.com.dcmspe.kart_rank.helpers.RaceResultsLog - Posição: 4 Código do Piloto: 023 Nome do Piloto: M.WEBBER Quantidade de Voltas: 4 Tempo Total de Prova: 4:17.722 
2016-12-11 19:46:52.354 [main] TRACE br.com.dcmspe.kart_rank.helpers.RaceResultsLog - Posição: 5 Código do Piloto: 015 Nome do Piloto: F.ALONSO Quantidade de Voltas: 4 Tempo Total de Prova: 4:54.221 
2016-12-11 19:46:52.355 [main] TRACE br.com.dcmspe.kart_rank.helpers.RaceResultsLog - Posição: * Código do Piloto: 011 Nome do Piloto: S.VETTEL Quantidade de Voltas: 3 Tempo Total de Prova: 6:27.276 
2016-12-11 19:47:57.574 [main] TRACE br.com.dcmspe.kart_rank.helpers.RaceResultsLog - Posição: 1 Código do Piloto: 038 Nome do Piloto: F.MASSA Quantidade de Voltas: 4 Tempo Total de Prova: 4:11.578 
2016-12-11 19:47:57.576 [main] TRACE br.com.dcmspe.kart_rank.helpers.RaceResultsLog - Posição: 2 Código do Piloto: 002 Nome do Piloto: K.RAIKKONEN Quantidade de Voltas: 4 Tempo Total de Prova: 4:15.153 
2016-12-11 19:47:57.577 [main] TRACE br.com.dcmspe.kart_rank.helpers.RaceResultsLog - Posição: 3 Código do Piloto: 033 Nome do Piloto: R.BARRICHELLO Quantidade de Voltas: 4 Tempo Total de Prova: 4:16.080 
2016-12-11 19:47:57.577 [main] TRACE br.com.dcmspe.kart_rank.helpers.RaceResultsLog - Posição: 4 Código do Piloto: 023 Nome do Piloto: M.WEBBER Quantidade de Voltas: 4 Tempo Total de Prova: 4:17.722 
2016-12-11 19:47:57.577 [main] TRACE br.com.dcmspe.kart_rank.helpers.RaceResultsLog - Posição: 5 Código do Piloto: 015 Nome do Piloto: F.ALONSO Quantidade de Voltas: 4 Tempo Total de Prova: 4:54.221 
2016-12-11 19:47:57.578 [main] TRACE br.com.dcmspe.kart_rank.helpers.RaceResultsLog - Posição: * Código do Piloto: 011 Nome do Piloto: S.VETTEL Quantidade de Voltas: 3 Tempo Total de Prova: 6:27.276 
2016-12-11 19:48:18.953 [main] TRACE br.com.dcmspe.kart_rank.helpers.RaceResultsLog - Posição: 1 Código do Piloto: 038 Nome do Piloto: F.MASSA Quantidade de Voltas: 4 Tempo Total de Prova: 4:11.578 
2016-12-11 19:48:18.955 [main] TRACE br.com.dcmspe.kart_rank.helpers.RaceResultsLog - Posição: 2 Código do Piloto: 002 Nome do Piloto: K.RAIKKONEN Quantidade de Voltas: 4 Tempo Total de Prova: 4:15.153 
2016-12-11 19:48:18.956 [main] TRACE br.com.dcmspe.kart_rank.helpers.RaceResultsLog - Posição: 3 Código do Piloto: 033 Nome do Piloto: R.BARRICHELLO Quantidade de Voltas: 4 Tempo Total de Prova: 4:16.080 
2016-12-11 19:48:18.956 [main] TRACE br.com.dcmspe.kart_rank.helpers.RaceResultsLog - Posição: 4 Código do Piloto: 023 Nome do Piloto: M.WEBBER Quantidade de Voltas: 4 Tempo Total de Prova: 4:17.722 
2016-12-11 19:48:18.956 [main] TRACE br.com.dcmspe.kart_rank.helpers.RaceResultsLog - Posição: 5 Código do Piloto: 015 Nome do Piloto: F.ALONSO Quantidade de Voltas: 4 Tempo Total de Prova: 4:54.221 
2016-12-11 19:48:18.956 [main] TRACE br.com.dcmspe.kart_rank.helpers.RaceResultsLog - Posição: * Código do Piloto: 011 Nome do Piloto: S.VETTEL Quantidade de Voltas: 3 Tempo Total de Prova: 6:27.276 
2016-12-11 19:55:19.105 [main] TRACE br.com.dcmspe.kart_rank.helpers.RaceResultsLog - Posição: 1 Código do Piloto: 038 Nome do Piloto: F.MASSA Quantidade de Voltas: 4 Tempo Total de Prova: 4:11.578 
2016-12-11 19:55:19.107 [main] TRACE br.com.dcmspe.kart_rank.helpers.RaceResultsLog - Posição: 2 Código do Piloto: 002 Nome do Piloto: K.RAIKKONEN Quantidade de Voltas: 4 Tempo Total de Prova: 4:15.153 
2016-12-11 19:55:19.108 [main] TRACE br.com.dcmspe.kart_rank.helpers.RaceResultsLog - Posição: 3 Código do Piloto: 033 Nome do Piloto: R.BARRICHELLO Quantidade de Voltas: 4 Tempo Total de Prova: 4:16.080 
2016-12-11 19:55:19.108 [main] TRACE br.com.dcmspe.kart_rank.helpers.RaceResultsLog - Posição: 4 Código do Piloto: 023 Nome do Piloto: M.WEBBER Quantidade de Voltas: 4 Tempo Total de Prova: 4:17.722 
2016-12-11 19:55:19.108 [main] TRACE br.com.dcmspe.kart_rank.helpers.RaceResultsLog - Posição: 5 Código do Piloto: 015 Nome do Piloto: F.ALONSO Quantidade de Voltas: 4 Tempo Total de Prova: 4:54.221 
2016-12-11 19:55:19.109 [main] TRACE br.com.dcmspe.kart_rank.helpers.RaceResultsLog - Posição: * Código do Piloto: 011 Nome do Piloto: S.VETTEL Quantidade de Voltas: 3 Tempo Total de Prova: 6:27.276 
2016-12-11 20:10:10.632 [main] TRACE br.com.dcmspe.kart_rank.helpers.RaceResultsLog - Posição: 1 Código do Piloto: 038 Nome do Piloto: F.MASSA Quantidade de Voltas: 4 Tempo Total de Prova: 4:11.578 
2016-12-11 20:10:10.633 [main] TRACE br.com.dcmspe.kart_rank.helpers.RaceResultsLog - Posição: 2 Código do Piloto: 002 Nome do Piloto: K.RAIKKONEN Quantidade de Voltas: 4 Tempo Total de Prova: 4:15.153 
2016-12-11 20:10:10.634 [main] TRACE br.com.dcmspe.kart_rank.helpers.RaceResultsLog - Posição: 3 Código do Piloto: 033 Nome do Piloto: R.BARRICHELLO Quantidade de Voltas: 4 Tempo Total de Prova: 4:16.080 
2016-12-11 20:10:10.634 [main] TRACE br.com.dcmspe.kart_rank.helpers.RaceResultsLog - Posição: 4 Código do Piloto: 023 Nome do Piloto: M.WEBBER Quantidade de Voltas: 4 Tempo Total de Prova: 4:17.722 
2016-12-11 20:10:10.634 [main] TRACE br.com.dcmspe.kart_rank.helpers.RaceResultsLog - Posição: 5 Código do Piloto: 015 Nome do Piloto: F.ALONSO Quantidade de Voltas: 4 Tempo Total de Prova: 4:54.221 
2016-12-11 20:10:10.634 [main] TRACE br.com.dcmspe.kart_rank.helpers.RaceResultsLog - Posição: * Código do Piloto: 011 Nome do Piloto: S.VETTEL Quantidade de Voltas: 3 Tempo Total de Prova: 6:27.276 
2016-12-11 20:11:23.444 [main] TRACE br.com.dcmspe.kart_rank.helpers.RaceResultsLog - Posição: 1 Código do Piloto: 038 Nome do Piloto: F.MASSA Quantidade de Voltas: 4 Tempo Total de Prova: 4:11.578 
2016-12-11 20:11:23.446 [main] TRACE br.com.dcmspe.kart_rank.helpers.RaceResultsLog - Posição: 2 Código do Piloto: 002 Nome do Piloto: K.RAIKKONEN Quantidade de Voltas: 4 Tempo Total de Prova: 4:15.153 
2016-12-11 20:11:23.446 [main] TRACE br.com.dcmspe.kart_rank.helpers.RaceResultsLog - Posição: 3 Código do Piloto: 033 Nome do Piloto: R.BARRICHELLO Quantidade de Voltas: 4 Tempo Total de Prova: 4:16.080 
2016-12-11 20:11:23.447 [main] TRACE br.com.dcmspe.kart_rank.helpers.RaceResultsLog - Posição: 4 Código do Piloto: 023 Nome do Piloto: M.WEBBER Quantidade de Voltas: 4 Tempo Total de Prova: 4:17.722 
2016-12-11 20:11:23.447 [main] TRACE br.com.dcmspe.kart_rank.helpers.RaceResultsLog - Posição: 5 Código do Piloto: 015 Nome do Piloto: F.ALONSO Quantidade de Voltas: 4 Tempo Total de Prova: 4:54.221 
2016-12-11 20:11:23.447 [main] TRACE br.com.dcmspe.kart_rank.helpers.RaceResultsLog - Posição: * Código do Piloto: 011 Nome do Piloto: S.VETTEL Quantidade de Voltas: 3 Tempo Total de Prova: 6:27.276 
2016-12-11 20:32:01.318 [main] TRACE br.com.dcmspe.kart_rank.helpers.RaceResultsLog - Posição: 1 Código do Piloto: 038 Nome do Piloto: F.MASSA Quantidade de Voltas: 4 Tempo Total de Prova: 4:11.578 
2016-12-11 20:32:01.319 [main] TRACE br.com.dcmspe.kart_rank.helpers.RaceResultsLog - Posição: 2 Código do Piloto: 002 Nome do Piloto: K.RAIKKONEN Quantidade de Voltas: 4 Tempo Total de Prova: 4:15.153 
2016-12-11 20:32:01.320 [main] TRACE br.com.dcmspe.kart_rank.helpers.RaceResultsLog - Posição: 3 Código do Piloto: 033 Nome do Piloto: R.BARRICHELLO Quantidade de Voltas: 4 Tempo Total de Prova: 4:16.080 
2016-12-11 20:32:01.320 [main] TRACE br.com.dcmspe.kart_rank.helpers.RaceResultsLog - Posição: 4 Código do Piloto: 023 Nome do Piloto: M.WEBBER Quantidade de Voltas: 4 Tempo Total de Prova: 4:17.722 
2016-12-11 20:32:01.320 [main] TRACE br.com.dcmspe.kart_rank.helpers.RaceResultsLog - Posição: 5 Código do Piloto: 015 Nome do Piloto: F.ALONSO Quantidade de Voltas: 4 Tempo Total de Prova: 4:54.221 
2016-12-11 20:32:01.321 [main] TRACE br.com.dcmspe.kart_rank.helpers.RaceResultsLog - Posição: * Código do Piloto: 011 Nome do Piloto: S.VETTEL Quantidade de Voltas: 3 Tempo Total de Prova: 6:27.276 
2016-12-11 20:34:05.208 [main] TRACE br.com.dcmspe.kart_rank.helpers.RaceResultsLog - Posição: 1 Código do Piloto: 038 Nome do Piloto: F.MASSA Quantidade de Voltas: 4 Tempo Total de Prova: 4:11.578 
2016-12-11 20:34:05.210 [main] TRACE br.com.dcmspe.kart_rank.helpers.RaceResultsLog - Posição: 2 Código do Piloto: 002 Nome do Piloto: K.RAIKKONEN Quantidade de Voltas: 4 Tempo Total de Prova: 4:15.153 
2016-12-11 20:34:05.210 [main] TRACE br.com.dcmspe.kart_rank.helpers.RaceResultsLog - Posição: 3 Código do Piloto: 033 Nome do Piloto: R.BARRICHELLO Quantidade de Voltas: 4 Tempo Total de Prova: 4:16.080 
2016-12-11 20:34:05.211 [main] TRACE br.com.dcmspe.kart_rank.helpers.RaceResultsLog - Posição: 4 Código do Piloto: 023 Nome do Piloto: M.WEBBER Quantidade de Voltas: 4 Tempo Total de Prova: 4:17.722 
2016-12-11 20:34:05.211 [main] TRACE br.com.dcmspe.kart_rank.helpers.RaceResultsLog - Posição: 5 Código do Piloto: 015 Nome do Piloto: F.ALONSO Quantidade de Voltas: 4 Tempo Total de Prova: 4:54.221 
2016-12-11 20:34:05.211 [main] TRACE br.com.dcmspe.kart_rank.helpers.RaceResultsLog - Posição: * Código do Piloto: 011 Nome do Piloto: S.VETTEL Quantidade de Voltas: 3 Tempo Total de Prova: 6:27.276 
2016-12-11 20:39:49.595 [main] TRACE br.com.dcmspe.kart_rank.helpers.RaceResultsLog - Posição: 1 Código do Piloto: 038 Nome do Piloto: F.MASSA Quantidade de Voltas: 4 Tempo Total de Prova: 4:11.578 
2016-12-11 20:39:49.597 [main] TRACE br.com.dcmspe.kart_rank.helpers.RaceResultsLog - Posição: 2 Código do Piloto: 002 Nome do Piloto: K.RAIKKONEN Quantidade de Voltas: 4 Tempo Total de Prova: 4:15.153 
2016-12-11 20:39:49.597 [main] TRACE br.com.dcmspe.kart_rank.helpers.RaceResultsLog - Posição: 3 Código do Piloto: 033 Nome do Piloto: R.BARRICHELLO Quantidade de Voltas: 4 Tempo Total de Prova: 4:16.080 
2016-12-11 20:39:49.598 [main] TRACE br.com.dcmspe.kart_rank.helpers.RaceResultsLog - Posição: 4 Código do Piloto: 023 Nome do Piloto: M.WEBBER Quantidade de Voltas: 4 Tempo Total de Prova: 4:17.722 
2016-12-11 20:39:49.598 [main] TRACE br.com.dcmspe.kart_rank.helpers.RaceResultsLog - Posição: 5 Código do Piloto: 015 Nome do Piloto: F.ALONSO Quantidade de Voltas: 4 Tempo Total de Prova: 4:54.221 
2016-12-11 20:39:49.598 [main] TRACE br.com.dcmspe.kart_rank.helpers.RaceResultsLog - Posição: * Código do Piloto: 011 Nome do Piloto: S.VETTEL Quantidade de Voltas: 3 Tempo Total de Prova: 6:27.276 
2016-12-11 20:50:21.250 [main] TRACE br.com.dcmspe.kart_rank.helpers.RaceResultsLog - Posição: 1 Código do Piloto: 038 Nome do Piloto: F.MASSA Quantidade de Voltas: 4 Tempo Total de Prova: 4:11.578 
2016-12-11 20:50:21.253 [main] TRACE br.com.dcmspe.kart_rank.helpers.RaceResultsLog - Posição: 2 Código do Piloto: 002 Nome do Piloto: K.RAIKKONEN Quantidade de Voltas: 4 Tempo Total de Prova: 4:15.153 
2016-12-11 20:50:21.253 [main] TRACE br.com.dcmspe.kart_rank.helpers.RaceResultsLog - Posição: 3 Código do Piloto: 033 Nome do Piloto: R.BARRICHELLO Quantidade de Voltas: 4 Tempo Total de Prova: 4:16.080 
2016-12-11 20:50:21.254 [main] TRACE br.com.dcmspe.kart_rank.helpers.RaceResultsLog - Posição: 4 Código do Piloto: 023 Nome do Piloto: M.WEBBER Quantidade de Voltas: 4 Tempo Total de Prova: 4:17.722 
2016-12-11 20:50:21.254 [main] TRACE br.com.dcmspe.kart_rank.helpers.RaceResultsLog - Posição: 5 Código do Piloto: 015 Nome do Piloto: F.ALONSO Quantidade de Voltas: 4 Tempo Total de Prova: 4:54.221 
2016-12-11 20:50:21.254 [main] TRACE br.com.dcmspe.kart_rank.helpers.RaceResultsLog - Posição: * Código do Piloto: 011 Nome do Piloto: S.VETTEL Quantidade de Voltas: 3 Tempo Total de Prova: 6:27.276 
2016-12-11 21:16:12.834 [main] TRACE br.com.dcmspe.kart_rank.helpers.RaceResultsLog - Posição: 1 Código do Piloto: 038 Nome do Piloto: F.MASSA Quantidade de Voltas: 4 Tempo Total de Prova: 4:11.578 
2016-12-11 21:16:12.837 [main] TRACE br.com.dcmspe.kart_rank.helpers.RaceResultsLog - Posição: 2 Código do Piloto: 002 Nome do Piloto: K.RAIKKONEN Quantidade de Voltas: 4 Tempo Total de Prova: 4:15.153 
2016-12-11 21:16:12.837 [main] TRACE br.com.dcmspe.kart_rank.helpers.RaceResultsLog - Posição: 3 Código do Piloto: 033 Nome do Piloto: R.BARRICHELLO Quantidade de Voltas: 4 Tempo Total de Prova: 4:16.080 
2016-12-11 21:16:12.837 [main] TRACE br.com.dcmspe.kart_rank.helpers.RaceResultsLog - Posição: 4 Código do Piloto: 023 Nome do Piloto: M.WEBBER Quantidade de Voltas: 4 Tempo Total de Prova: 4:17.722 
2016-12-11 21:16:12.838 [main] TRACE br.com.dcmspe.kart_rank.helpers.RaceResultsLog - Posição: 5 Código do Piloto: 015 Nome do Piloto: F.ALONSO Quantidade de Voltas: 4 Tempo Total de Prova: 4:54.221 
2016-12-11 21:16:12.838 [main] TRACE br.com.dcmspe.kart_rank.helpers.RaceResultsLog - Posição: * Código do Piloto: 011 Nome do Piloto: S.VETTEL Quantidade de Voltas: 3 Tempo Total de Prova: 6:27.276 
2016-12-11 21:24:50.979 [main] TRACE br.com.dcmspe.kart_rank.helpers.RaceResultsLog - Posição: 1 Código do Piloto: 038 Nome do Piloto: F.MASSA Quantidade de Voltas: 4 Tempo Total de Prova: 4:11.578 
2016-12-11 21:24:50.980 [main] TRACE br.com.dcmspe.kart_rank.helpers.RaceResultsLog - Posição: 2 Código do Piloto: 002 Nome do Piloto: K.RAIKKONEN Quantidade de Voltas: 4 Tempo Total de Prova: 4:15.153 
2016-12-11 21:24:50.981 [main] TRACE br.com.dcmspe.kart_rank.helpers.RaceResultsLog - Posição: 3 Código do Piloto: 033 Nome do Piloto: R.BARRICHELLO Quantidade de Voltas: 4 Tempo Total de Prova: 4:16.080 
2016-12-11 21:24:50.981 [main] TRACE br.com.dcmspe.kart_rank.helpers.RaceResultsLog - Posição: 4 Código do Piloto: 023 Nome do Piloto: M.WEBBER Quantidade de Voltas: 4 Tempo Total de Prova: 4:17.722 
2016-12-11 21:24:50.981 [main] TRACE br.com.dcmspe.kart_rank.helpers.RaceResultsLog - Posição: 5 Código do Piloto: 015 Nome do Piloto: F.ALONSO Quantidade de Voltas: 4 Tempo Total de Prova: 4:54.221 
2016-12-11 21:24:50.981 [main] TRACE br.com.dcmspe.kart_rank.helpers.RaceResultsLog - Posição: * Código do Piloto: 011 Nome do Piloto: S.VETTEL Quantidade de Voltas: 3 Tempo Total de Prova: 6:27.276 
